<?xml version="1.0" encoding="UTF-8"?>
<testng-results skipped="0" failed="0" ignored="0" total="0" passed="0">
  <reporter-output>
  </reporter-output>
  <suite name="com.ibm.app.AppTest" duration-ms="4" started-at="2020-07-21T07:22:49Z" finished-at="2020-07-21T07:22:49Z">
    <groups>
    </groups>
    <test name="Command line test" duration-ms="4" started-at="2020-07-21T07:22:49Z" finished-at="2020-07-21T07:22:49Z">
    </test> <!-- Command line test -->
  </suite> <!-- com.ibm.app.AppTest -->
</testng-results>
